# JRE version: OpenJDK Runtime Environment Microsoft-8035246 (17.0.8+7) (build 17.0.8+7-LTS)
# Java VM: OpenJDK 64-Bit Server VM Microsoft-8035246 (17.0.8+7-LTS, mixed mode, sharing, tiered, compressed oops, compressed class ptrs, g1 gc, windows-amd64)
GC Precious Log:
 CPUs: 16 total, 16 available
 Memory: 15792M
 Large Page Support: Disabled
 NUMA Support: Disabled
 Compressed Oops: Enabled (32-bit)
 Heap Region Size: 1M
 Heap Min Capacity: 8M
 Heap Initial Capacity: 248M
 Heap Max Capacity: 2G
 Pre-touch: Disabled
 Parallel Workers: 13
 Concurrent Workers: 3
 Concurrent Refinement Workers: 13
 Periodic GC: Disabled
Heap:
 garbage-first heap   total 284672K, used 224053K [0x0000000080000000, 0x0000000100000000)
  region size 1024K, 8 young (8192K), 3 survivors (3072K)
 Metaspace       used 106801K, committed 108096K, reserved 557056K
  class space    used 14926K, committed 15552K, reserved 425984K
GC Heap History (20 events):
Event: 26.719 GC heap before
{Heap before GC invocations=69 (full 0):
 garbage-first heap   total 236544K, used 205632K [0x0000000080000000, 0x0000000100000000)
  region size 1024K, 12 young (12288K), 2 survivors (2048K)
 Metaspace       used 105203K, committed 106496K, reserved 557056K
  class space    used 14778K, committed 15360K, reserved 425984K
}
Event: 26.721 GC heap after
{Heap after GC invocations=70 (full 0):
 garbage-first heap   total 236544K, used 197357K [0x0000000080000000, 0x0000000100000000)
  region size 1024K, 2 young (2048K), 2 survivors (2048K)
 Metaspace       used 105203K, committed 106496K, reserved 557056K
  class space    used 14778K, committed 15360K, reserved 425984K
}
Event: 26.813 GC heap before
{Heap before GC invocations=70 (full 0):
 garbage-first heap   total 236544K, used 207597K [0x0000000080000000, 0x0000000100000000)
  region size 1024K, 12 young (12288K), 2 survivors (2048K)
 Metaspace       used 105254K, committed 106560K, reserved 557056K
  class space    used 14778K, committed 15360K, reserved 425984K
}
Event: 26.816 GC heap after
{Heap after GC invocations=71 (full 0):
 garbage-first heap   total 236544K, used 198270K [0x0000000080000000, 0x0000000100000000)
  region size 1024K, 2 young (2048K), 2 survivors (2048K)
 Metaspace       used 105254K, committed 106560K, reserved 557056K
  class space    used 14778K, committed 15360K, reserved 425984K
}
Event: 26.885 GC heap before
{Heap before GC invocations=71 (full 0):
 garbage-first heap   total 236544K, used 207486K [0x0000000080000000, 0x0000000100000000)
  region size 1024K, 11 young (11264K), 2 survivors (2048K)
 Metaspace       used 105297K, committed 106624K, reserved 557056K
  class space    used 14778K, committed 15360K, reserved 425984K
}
Event: 26.886 GC heap after
{Heap after GC invocations=72 (full 0):
 garbage-first heap   total 236544K, used 199144K [0x0000000080000000, 0x0000000100000000)
  region size 1024K, 2 young (2048K), 2 survivors (2048K)
 Metaspace       used 105297K, committed 106624K, reserved 557056K
  class space    used 14778K, committed 15360K, reserved 425984K
}
Event: 26.984 GC heap before
{Heap before GC invocations=72 (full 0):
 garbage-first heap   total 236544K, used 208360K [0x0000000080000000, 0x0000000100000000)
  region size 1024K, 11 young (11264K), 2 survivors (2048K)
 Metaspace       used 105327K, committed 106624K, reserved 557056K
  class space    used 14779K, committed 15360K, reserved 425984K
}
Event: 26.986 GC heap after
{Heap after GC invocations=73 (full 0):
 garbage-first heap   total 284672K, used 199944K [0x0000000080000000, 0x0000000100000000)
  region size 1024K, 2 young (2048K), 2 survivors (2048K)
 Metaspace       used 105327K, committed 106624K, reserved 557056K
  class space    used 14779K, committed 15360K, reserved 425984K
}
Event: 27.392 GC heap before
{Heap before GC invocations=73 (full 0):
 garbage-first heap   total 284672K, used 243976K [0x0000000080000000, 0x0000000100000000)
  region size 1024K, 45 young (46080K), 2 survivors (2048K)
 Metaspace       used 105998K, committed 107392K, reserved 557056K
  class space    used 14861K, committed 15488K, reserved 425984K
}
Event: 27.398 GC heap after
{Heap after GC invocations=74 (full 0):
 garbage-first heap   total 284672K, used 204812K [0x0000000080000000, 0x0000000100000000)
  region size 1024K, 6 young (6144K), 6 survivors (6144K)
 Metaspace       used 105998K, committed 107392K, reserved 557056K
  class space    used 14861K, committed 15488K, reserved 425984K
}
Event: 27.715 GC heap before
{Heap before GC invocations=74 (full 0):
 garbage-first heap   total 284672K, used 242700K [0x0000000080000000, 0x0000000100000000)
  region size 1024K, 44 young (45056K), 6 survivors (6144K)
 Metaspace       used 106337K, committed 107648K, reserved 557056K
  class space    used 14882K, committed 15488K, reserved 425984K
}
Event: 27.722 GC heap after
{Heap after GC invocations=75 (full 0):
 garbage-first heap   total 284672K, used 209571K [0x0000000080000000, 0x0000000100000000)
  region size 1024K, 5 young (5120K), 5 survivors (5120K)
 Metaspace       used 106337K, committed 107648K, reserved 557056K
  class space    used 14882K, committed 15488K, reserved 425984K
}
Event: 28.118 GC heap before
{Heap before GC invocations=75 (full 0):
 garbage-first heap   total 284672K, used 244387K [0x0000000080000000, 0x0000000100000000)
  region size 1024K, 39 young (39936K), 5 survivors (5120K)
 Metaspace       used 106694K, committed 108032K, reserved 557056K
  class space    used 14915K, committed 15552K, reserved 425984K
}
Event: 28.122 GC heap after
{Heap after GC invocations=76 (full 0):
 garbage-first heap   total 284672K, used 211078K [0x0000000080000000, 0x0000000100000000)
  region size 1024K, 3 young (3072K), 3 survivors (3072K)
 Metaspace       used 106694K, committed 108032K, reserved 557056K
  class space    used 14915K, committed 15552K, reserved 425984K
}
Event: 28.328 GC heap before
{Heap before GC invocations=76 (full 0):
 garbage-first heap   total 284672K, used 243846K [0x0000000080000000, 0x0000000100000000)
  region size 1024K, 36 young (36864K), 3 survivors (3072K)
 Metaspace       used 106790K, committed 108096K, reserved 557056K
  class space    used 14926K, committed 15552K, reserved 425984K
}
Event: 28.334 GC heap after
{Heap after GC invocations=77 (full 0):
 garbage-first heap   total 284672K, used 217241K [0x0000000080000000, 0x0000000100000000)
  region size 1024K, 5 young (5120K), 5 survivors (5120K)
 Metaspace       used 106790K, committed 108096K, reserved 557056K
  class space    used 14926K, committed 15552K, reserved 425984K
}
Event: 28.424 GC heap before
{Heap before GC invocations=77 (full 0):
 garbage-first heap   total 284672K, used 243865K [0x0000000080000000, 0x0000000100000000)
  region size 1024K, 31 young (31744K), 5 survivors (5120K)
 Metaspace       used 106790K, committed 108096K, reserved 557056K
  class space    used 14926K, committed 15552K, reserved 425984K
}
Event: 28.428 GC heap after
{Heap after GC invocations=78 (full 0):
 garbage-first heap   total 284672K, used 218551K [0x0000000080000000, 0x0000000100000000)
  region size 1024K, 3 young (3072K), 3 survivors (3072K)
 Metaspace       used 106790K, committed 108096K, reserved 557056K
  class space    used 14926K, committed 15552K, reserved 425984K
}
Event: 28.553 GC heap before
{Heap before GC invocations=78 (full 0):
 garbage-first heap   total 284672K, used 243127K [0x0000000080000000, 0x0000000100000000)
  region size 1024K, 28 young (28672K), 3 survivors (3072K)
 Metaspace       used 106790K, committed 108096K, reserved 557056K
  class space    used 14926K, committed 15552K, reserved 425984K
}
Event: 28.555 GC heap after
{Heap after GC invocations=79 (full 0):
 garbage-first heap   total 284672K, used 219332K [0x0000000080000000, 0x0000000100000000)
  region size 1024K, 3 young (3072K), 3 survivors (3072K)
 Metaspace       used 106790K, committed 108096K, reserved 557056K
  class space    used 14926K, committed 15552K, reserved 425984K
}

